[14.286s] DEBUG:colcon:Command line arguments: ['/usr/bin/colcon', 'build', '--symlink-install']
[14.287s] DEBUG:colcon:Parsed command line arguments: Namespace(log_base=None, log_level=None, verb_name='build', build_base='build', install_base='install', merge_install=False, symlink_install=True, test_result_base=None, continue_on_error=False, executor='parallel', parallel_workers=4, event_handlers=None, ignore_user_meta=False, metas=['./colcon.meta'], base_paths=['.'], packages_ignore=None, packages_ignore_regex=None, paths=None, packages_up_to=None, packages_up_to_regex=None, packages_above=None, packages_above_and_dependencies=None, packages_above_depth=None, packages_select_by_dep=None, packages_skip_by_dep=None, packages_skip_up_to=None, packages_select_build_failed=False, packages_skip_build_finished=False, packages_select_test_failures=False, packages_skip_test_passed=False, packages_select=None, packages_skip=None, packages_select_regex=None, packages_skip_regex=None, packages_start=None, packages_end=None, allow_overriding=[], cmake_args=None, cmake_target=None, cmake_target_skip_unavailable=False, cmake_clean_cache=False, cmake_clean_first=False, cmake_force_configure=False, ament_cmake_args=None, catkin_cmake_args=None, catkin_skip_building_tests=False, verb_parser=<colcon_defaults.argument_parser.defaults.DefaultArgumentsDecorator object at 0xffff8f5672e0>, verb_extension=<colcon_core.verb.build.BuildVerb object at 0xffff8f89aef0>, main=<bound method BuildVerb.main of <colcon_core.verb.build.BuildVerb object at 0xffff8f89aef0>>)
[15.004s] Level 1:colcon.colcon_core.package_discovery:discover_packages(colcon_meta) check parameters
[15.005s] Level 1:colcon.colcon_core.package_discovery:discover_packages(recursive) check parameters
[15.005s] Level 1:colcon.colcon_core.package_discovery:discover_packages(ignore) check parameters
[15.006s] Level 1:colcon.colcon_core.package_discovery:discover_packages(path) check parameters
[15.006s] Level 1:colcon.colcon_core.package_discovery:discover_packages(colcon_meta) discover
[15.007s] Level 1:colcon.colcon_core.package_discovery:discover_packages(recursive) discover
[15.008s] INFO:colcon.colcon_core.package_discovery:Crawling recursively for packages in '/home/ubuntu/rastic_ws'
[15.009s] Level 1:colcon.colcon_core.package_identification:_identify(.) by extensions ['ignore', 'ignore_ament_install']
[15.010s] Level 1:colcon.colcon_core.package_identification:_identify(.) by extension 'ignore'
[15.011s] Level 1:colcon.colcon_core.package_identification:_identify(.) by extension 'ignore_ament_install'
[15.012s] Level 1:colcon.colcon_core.package_identification:_identify(.) by extensions ['colcon_pkg']
[15.013s] Level 1:colcon.colcon_core.package_identification:_identify(.) by extension 'colcon_pkg'
[15.014s] Level 1:colcon.colcon_core.package_identification:_identify(.) by extensions ['colcon_meta']
[15.014s] Level 1:colcon.colcon_core.package_identification:_identify(.) by extension 'colcon_meta'
[15.015s] Level 1:colcon.colcon_core.package_identification:_identify(.) by extensions ['ros']
[15.016s] Level 1:colcon.colcon_core.package_identification:_identify(.) by extension 'ros'
[15.152s] Level 1:colcon.colcon_core.package_identification:_identify(.) by extensions ['cmake', 'python']
[15.153s] Level 1:colcon.colcon_core.package_identification:_identify(.) by extension 'cmake'
[15.154s] Level 1:colcon.colcon_core.package_identification:_identify(.) by extension 'python'
[15.155s] Level 1:colcon.colcon_core.package_identification:_identify(.) by extensions ['python_setup_py']
[15.156s] Level 1:colcon.colcon_core.package_identification:_identify(.) by extension 'python_setup_py'
[15.157s] Level 1:colcon.colcon_core.package_identification:_identify(build) by extensions ['ignore', 'ignore_ament_install']
[15.159s] Level 1:colcon.colcon_core.package_identification:_identify(build) by extension 'ignore'
[15.160s] Level 1:colcon.colcon_core.package_identification:_identify(build) ignored
[15.162s] Level 1:colcon.colcon_core.package_identification:_identify(install) by extensions ['ignore', 'ignore_ament_install']
[15.163s] Level 1:colcon.colcon_core.package_identification:_identify(install) by extension 'ignore'
[15.164s] Level 1:colcon.colcon_core.package_identification:_identify(install) ignored
[15.166s] Level 1:colcon.colcon_core.package_identification:_identify(log) by extensions ['ignore', 'ignore_ament_install']
[15.167s] Level 1:colcon.colcon_core.package_identification:_identify(log) by extension 'ignore'
[15.168s] Level 1:colcon.colcon_core.package_identification:_identify(log) ignored
[15.169s] Level 1:colcon.colcon_core.package_identification:_identify(src) by extensions ['ignore', 'ignore_ament_install']
[15.170s] Level 1:colcon.colcon_core.package_identification:_identify(src) by extension 'ignore'
[15.171s] Level 1:colcon.colcon_core.package_identification:_identify(src) by extension 'ignore_ament_install'
[15.172s] Level 1:colcon.colcon_core.package_identification:_identify(src) by extensions ['colcon_pkg']
[15.173s] Level 1:colcon.colcon_core.package_identification:_identify(src) by extension 'colcon_pkg'
[15.174s] Level 1:colcon.colcon_core.package_identification:_identify(src) by extensions ['colcon_meta']
[15.174s] Level 1:colcon.colcon_core.package_identification:_identify(src) by extension 'colcon_meta'
[15.175s] Level 1:colcon.colcon_core.package_identification:_identify(src) by extensions ['ros']
[15.175s] Level 1:colcon.colcon_core.package_identification:_identify(src) by extension 'ros'
[15.176s] Level 1:colcon.colcon_core.package_identification:_identify(src) by extensions ['cmake', 'python']
[15.177s] Level 1:colcon.colcon_core.package_identification:_identify(src) by extension 'cmake'
[15.178s] Level 1:colcon.colcon_core.package_identification:_identify(src) by extension 'python'
[15.179s] Level 1:colcon.colcon_core.package_identification:_identify(src) by extensions ['python_setup_py']
[15.179s] Level 1:colcon.colcon_core.package_identification:_identify(src) by extension 'python_setup_py'
[15.180s] Level 1:colcon.colcon_core.package_discovery:discover_packages(recursive) using defaults
[15.180s] Level 1:colcon.colcon_core.package_discovery:discover_packages(ignore) discover
[15.181s] Level 1:colcon.colcon_core.package_discovery:discover_packages(ignore) using defaults
[15.181s] Level 1:colcon.colcon_core.package_discovery:discover_packages(path) discover
[15.182s] Level 1:colcon.colcon_core.package_discovery:discover_packages(path) using defaults
[16.363s] Level 1:colcon.colcon_core.package_discovery:discover_packages(prefix_path) check parameters
[16.363s] Level 1:colcon.colcon_core.package_discovery:discover_packages(prefix_path) discover
[16.801s] DEBUG:colcon.colcon_installed_package_information.package_discovery:Found 236 installed packages in /opt/ros/humble
[16.813s] Level 1:colcon.colcon_core.package_discovery:discover_packages(prefix_path) using defaults
[17.917s] INFO:colcon.colcon_core.executor:Executing jobs using 'parallel' executor
[18.111s] DEBUG:colcon.colcon_parallel_executor.executor.parallel:run_until_complete
[18.112s] DEBUG:colcon.colcon_parallel_executor.executor.parallel:closing loop
[18.113s] DEBUG:colcon.colcon_parallel_executor.executor.parallel:loop closed
[18.113s] DEBUG:colcon.colcon_parallel_executor.executor.parallel:run_until_complete finished with '0'
[18.114s] DEBUG:colcon.colcon_core.event_reactor:joining thread
[18.354s] INFO:colcon.colcon_core.plugin_system:Skipping extension 'colcon_notification.desktop_notification.terminal_notifier': Not used on non-Darwin systems
[18.355s] INFO:colcon.colcon_core.plugin_system:Skipping extension 'colcon_notification.desktop_notification.win32': Not used on non-Windows systems
[18.355s] INFO:colcon.colcon_notification.desktop_notification:Sending desktop notification using 'notify2'
[18.580s] DEBUG:colcon.colcon_core.event_reactor:joined thread
[18.845s] INFO:colcon.colcon_core.plugin_system:Skipping extension 'colcon_core.shell.bat': Not used on non-Windows systems
[18.848s] INFO:colcon.colcon_core.shell:Creating prefix script '/home/ubuntu/rastic_ws/install/local_setup.ps1'
[18.856s] INFO:colcon.colcon_core.shell:Creating prefix util module '/home/ubuntu/rastic_ws/install/_local_setup_util_ps1.py'
[18.869s] INFO:colcon.colcon_core.shell:Creating prefix chain script '/home/ubuntu/rastic_ws/install/setup.ps1'
[19.096s] INFO:colcon.colcon_core.shell:Creating prefix script '/home/ubuntu/rastic_ws/install/local_setup.sh'
[19.103s] INFO:colcon.colcon_core.shell:Creating prefix util module '/home/ubuntu/rastic_ws/install/_local_setup_util_sh.py'
[19.108s] INFO:colcon.colcon_core.shell:Creating prefix chain script '/home/ubuntu/rastic_ws/install/setup.sh'
[19.340s] INFO:colcon.colcon_core.shell:Creating prefix script '/home/ubuntu/rastic_ws/install/local_setup.bash'
[19.345s] INFO:colcon.colcon_core.shell:Creating prefix chain script '/home/ubuntu/rastic_ws/install/setup.bash'
[19.569s] INFO:colcon.colcon_core.shell:Creating prefix script '/home/ubuntu/rastic_ws/install/local_setup.zsh'
[19.575s] INFO:colcon.colcon_core.shell:Creating prefix chain script '/home/ubuntu/rastic_ws/install/setup.zsh'
