[7.591s] Invoking command in '/home/ubuntu/rastic_ws/build/me416_lab': AMENT_PREFIX_PATH=/home/ubuntu/rastic_ws/install/me416_msgs:${AMENT_PREFIX_PATH} CMAKE_PREFIX_PATH=/home/ubuntu/rastic_ws/install/me416_msgs LD_LIBRARY_PATH=/home/ubuntu/rastic_ws/install/me416_msgs/lib:${LD_LIBRARY_PATH} PYTHONPATH=/home/ubuntu/rastic_ws/build/me416_lab/prefix_override:/home/ubuntu/rastic_ws/install/me416_lab/lib/python3.10/site-packages:/home/ubuntu/rastic_ws/install/me416_msgs/local/lib/python3.10/dist-packages:${PYTHONPATH} /usr/bin/python3 setup.py develop --editable --build-directory /home/ubuntu/rastic_ws/build/me416_lab/build --no-deps install_data
[10.230s] running develop
[10.234s] /usr/lib/python3/dist-packages/setuptools/command/easy_install.py:158: EasyInstallDeprecationWarning: easy_install command is deprecated. Use build and pip and other standards-based tools.
[10.235s]   warnings.warn(
[10.245s] /usr/lib/python3/dist-packages/setuptools/command/install.py:34: SetuptoolsDeprecationWarning: setup.py install is deprecated. Use build and pip and other standards-based tools.
[10.246s]   warnings.warn(
[12.177s] running egg_info
[12.180s] creating me416_lab.egg-info
[12.181s] writing me416_lab.egg-info/PKG-INFO
[12.184s] writing dependency_links to me416_lab.egg-info/dependency_links.txt
[12.186s] writing entry points to me416_lab.egg-info/entry_points.txt
[12.188s] writing requirements to me416_lab.egg-info/requires.txt
[12.189s] writing top-level names to me416_lab.egg-info/top_level.txt
[12.190s] writing manifest file 'me416_lab.egg-info/SOURCES.txt'
[12.205s] reading manifest file 'me416_lab.egg-info/SOURCES.txt'
[12.212s] writing manifest file 'me416_lab.egg-info/SOURCES.txt'
[12.223s] running build_ext
[12.225s] Creating /home/ubuntu/rastic_ws/install/me416_lab/lib/python3.10/site-packages/me416-lab.egg-link (link to .)
[12.235s] Installing controller_line script to /home/ubuntu/rastic_ws/install/me416_lab/lib/me416_lab
[12.238s] Installing controller_test script to /home/ubuntu/rastic_ws/install/me416_lab/lib/me416_lab
[12.240s] Installing encoders_publisher script to /home/ubuntu/rastic_ws/install/me416_lab/lib/me416_lab
[12.243s] Installing image_flipper script to /home/ubuntu/rastic_ws/install/me416_lab/lib/me416_lab
[12.246s] Installing image_segment script to /home/ubuntu/rastic_ws/install/me416_lab/lib/me416_lab
[12.249s] Installing key_op script to /home/ubuntu/rastic_ws/install/me416_lab/lib/me416_lab
[12.253s] Installing key_terminate script to /home/ubuntu/rastic_ws/install/me416_lab/lib/me416_lab
[12.256s] Installing listener script to /home/ubuntu/rastic_ws/install/me416_lab/lib/me416_lab
[12.259s] Installing listener_accumulator script to /home/ubuntu/rastic_ws/install/me416_lab/lib/me416_lab
[12.261s] Installing listener_class script to /home/ubuntu/rastic_ws/install/me416_lab/lib/me416_lab
[12.263s] Installing motor_command script to /home/ubuntu/rastic_ws/install/me416_lab/lib/me416_lab
[12.267s] Installing motorspeeds_talker script to /home/ubuntu/rastic_ws/install/me416_lab/lib/me416_lab
[12.270s] Installing odometry_encoders script to /home/ubuntu/rastic_ws/install/me416_lab/lib/me416_lab
[12.272s] Installing repeater script to /home/ubuntu/rastic_ws/install/me416_lab/lib/me416_lab
[12.273s] Installing repeater_class script to /home/ubuntu/rastic_ws/install/me416_lab/lib/me416_lab
[12.274s] Installing scripted_op script to /home/ubuntu/rastic_ws/install/me416_lab/lib/me416_lab
[12.276s] Installing signal_generator script to /home/ubuntu/rastic_ws/install/me416_lab/lib/me416_lab
[12.277s] Installing talker script to /home/ubuntu/rastic_ws/install/me416_lab/lib/me416_lab
[12.278s] Installing talker_class script to /home/ubuntu/rastic_ws/install/me416_lab/lib/me416_lab
[12.280s] Installing talker_interesting script to /home/ubuntu/rastic_ws/install/me416_lab/lib/me416_lab
[12.281s] Installing zigzag_op script to /home/ubuntu/rastic_ws/install/me416_lab/lib/me416_lab
[12.283s] 
[12.284s] Installed /home/ubuntu/rastic_ws/build/me416_lab
[12.285s] running install_data
[12.286s] creating /home/ubuntu/rastic_ws/install/me416_lab/share/ament_index
[12.288s] creating /home/ubuntu/rastic_ws/install/me416_lab/share/ament_index/resource_index
[12.289s] creating /home/ubuntu/rastic_ws/install/me416_lab/share/ament_index/resource_index/packages
[12.290s] copying resource/me416_lab -> /home/ubuntu/rastic_ws/install/me416_lab/share/ament_index/resource_index/packages
[12.291s] copying package.xml -> /home/ubuntu/rastic_ws/install/me416_lab/share/me416_lab
[12.293s] copying launch/camera_launch.py -> /home/ubuntu/rastic_ws/install/me416_lab/share/me416_lab
[12.551s] Invoked command in '/home/ubuntu/rastic_ws/build/me416_lab' returned '0': AMENT_PREFIX_PATH=/home/ubuntu/rastic_ws/install/me416_msgs:${AMENT_PREFIX_PATH} CMAKE_PREFIX_PATH=/home/ubuntu/rastic_ws/install/me416_msgs LD_LIBRARY_PATH=/home/ubuntu/rastic_ws/install/me416_msgs/lib:${LD_LIBRARY_PATH} PYTHONPATH=/home/ubuntu/rastic_ws/build/me416_lab/prefix_override:/home/ubuntu/rastic_ws/install/me416_lab/lib/python3.10/site-packages:/home/ubuntu/rastic_ws/install/me416_msgs/local/lib/python3.10/dist-packages:${PYTHONPATH} /usr/bin/python3 setup.py develop --editable --build-directory /home/ubuntu/rastic_ws/build/me416_lab/build --no-deps install_data
