-- The C compiler identification is GNU 11.4.0
-- The CXX compiler identification is GNU 11.4.0
-- Detecting C compiler ABI info
-- Detecting C compiler ABI info - done
-- Check for working C compiler: /usr/bin/cc - skipped
-- Detecting C compile features
-- Detecting C compile features - done
-- Detecting CXX compiler ABI info
-- Detecting CXX compiler ABI info - done
-- Check for working CXX compiler: /usr/bin/c++ - skipped
-- Detecting CXX compile features
-- Detecting CXX compile features - done
-- Found ament_cmake: 1.3.6 (/opt/ros/humble/share/ament_cmake/cmake)
-- Found Python3: /usr/bin/python3.10 (found version "3.10.12") found components: Interpreter 
-- Override CMake install command with custom implementation using symlinks instead of copying resources
-- Found rosidl_default_generators: 1.2.0 (/opt/ros/humble/share/rosidl_default_generators/cmake)
-- Using all available rosidl_typesupport_c: rosidl_typesupport_fastrtps_c;rosidl_typesupport_introspection_c
-- Found rosidl_adapter: 3.1.5 (/opt/ros/humble/share/rosidl_adapter/cmake)
-- Using all available rosidl_typesupport_cpp: rosidl_typesupport_fastrtps_cpp;rosidl_typesupport_introspection_cpp
-- Found builtin_interfaces: 1.2.1 (/opt/ros/humble/share/builtin_interfaces/cmake)
-- Found std_msgs: 4.2.3 (/opt/ros/humble/share/std_msgs/cmake)
-- Found ament_lint_auto: 0.12.9 (/opt/ros/humble/share/ament_lint_auto/cmake)
-- Found ament_cmake_ros: 0.10.0 (/opt/ros/humble/share/ament_cmake_ros/cmake)
-- Using all available rosidl_typesupport_c: rosidl_typesupport_fastrtps_c;rosidl_typesupport_introspection_c
-- Using all available rosidl_typesupport_cpp: rosidl_typesupport_fastrtps_cpp;rosidl_typesupport_introspection_cpp
-- Found PythonInterp: /usr/bin/python3 (found suitable version "3.10.12", minimum required is "3.6") 
-- Found python_cmake_module: 0.10.0 (/opt/ros/humble/share/python_cmake_module/cmake)
-- Found PythonLibs: /usr/lib/aarch64-linux-gnu/libpython3.10.so (found suitable version "3.10.12", minimum required is "3.5") 
-- Using PYTHON_EXECUTABLE: /usr/bin/python3
-- Using PYTHON_INCLUDE_DIRS: /usr/include/python3.10
-- Using PYTHON_LIBRARIES: /usr/lib/aarch64-linux-gnu/libpython3.10.so
-- Found PythonExtra: .so  
-- Added test 'lint_cmake' to check CMake code style
-- Added test 'xmllint' to check XML markup files
-- Configuring done
-- Generating done
-- Build files have been written to: /home/ubuntu/rastic_ws/build/me416_msgs
[  2%] Generating C++ code for ROS interfaces
[  2%] Built target me416_msgs__cpp
[  2%] Built target ament_cmake_python_symlink_me416_msgs
[  5%] Generating C++ type support for eProsima Fast-RTPS
[  7%] Building CXX object CMakeFiles/me416_msgs__rosidl_typesupport_fastrtps_cpp.dir/rosidl_typesupport_fastrtps_cpp/me416_msgs/msg/detail/dds_fastrtps/motor_speeds__type_support.cpp.o
[ 10%] Building CXX object CMakeFiles/me416_msgs__rosidl_typesupport_fastrtps_cpp.dir/rosidl_typesupport_fastrtps_cpp/me416_msgs/msg/detail/dds_fastrtps/motor_speeds_stamped__type_support.cpp.o
[ 12%] Linking CXX shared library libme416_msgs__rosidl_typesupport_fastrtps_cpp.so
[ 12%] Built target me416_msgs__rosidl_typesupport_fastrtps_cpp
[ 15%] Generating C++ introspection for ROS interfaces
[ 17%] Building CXX object CMakeFiles/me416_msgs__rosidl_typesupport_introspection_cpp.dir/rosidl_typesupport_introspection_cpp/me416_msgs/msg/detail/motor_speeds__type_support.cpp.o
[ 20%] Building CXX object CMakeFiles/me416_msgs__rosidl_typesupport_introspection_cpp.dir/rosidl_typesupport_introspection_cpp/me416_msgs/msg/detail/motor_speeds_stamped__type_support.cpp.o
[ 23%] Linking CXX shared library libme416_msgs__rosidl_typesupport_introspection_cpp.so
[ 23%] Built target me416_msgs__rosidl_typesupport_introspection_cpp
running egg_info
creating me416_msgs.egg-info
writing me416_msgs.egg-info/PKG-INFO
writing dependency_links to me416_msgs.egg-info/dependency_links.txt
writing top-level names to me416_msgs.egg-info/top_level.txt
writing manifest file 'me416_msgs.egg-info/SOURCES.txt'
reading manifest file 'me416_msgs.egg-info/SOURCES.txt'
writing manifest file 'me416_msgs.egg-info/SOURCES.txt'
[ 23%] Built target ament_cmake_python_build_me416_msgs_egg
[ 25%] Generating C++ type support dispatch for ROS interfaces
[ 28%] Building CXX object CMakeFiles/me416_msgs__rosidl_typesupport_cpp.dir/rosidl_typesupport_cpp/me416_msgs/msg/motor_speeds__type_support.cpp.o
[ 30%] Building CXX object CMakeFiles/me416_msgs__rosidl_typesupport_cpp.dir/rosidl_typesupport_cpp/me416_msgs/msg/motor_speeds_stamped__type_support.cpp.o
[ 33%] Linking CXX shared library libme416_msgs__rosidl_typesupport_cpp.so
[ 33%] Built target me416_msgs__rosidl_typesupport_cpp
[ 35%] Generating C code for ROS interfaces
[ 38%] Building C object CMakeFiles/me416_msgs__rosidl_generator_c.dir/rosidl_generator_c/me416_msgs/msg/detail/motor_speeds__functions.c.o
[ 41%] Building C object CMakeFiles/me416_msgs__rosidl_generator_c.dir/rosidl_generator_c/me416_msgs/msg/detail/motor_speeds_stamped__functions.c.o
[ 43%] Linking C shared library libme416_msgs__rosidl_generator_c.so
[ 43%] Built target me416_msgs__rosidl_generator_c
[ 46%] Generating C type support for eProsima Fast-RTPS
[ 48%] Building CXX object CMakeFiles/me416_msgs__rosidl_typesupport_fastrtps_c.dir/rosidl_typesupport_fastrtps_c/me416_msgs/msg/detail/motor_speeds__type_support_c.cpp.o
[ 51%] Building CXX object CMakeFiles/me416_msgs__rosidl_typesupport_fastrtps_c.dir/rosidl_typesupport_fastrtps_c/me416_msgs/msg/detail/motor_speeds_stamped__type_support_c.cpp.o
[ 53%] Linking CXX shared library libme416_msgs__rosidl_typesupport_fastrtps_c.so
[ 53%] Built target me416_msgs__rosidl_typesupport_fastrtps_c
[ 56%] Generating C type support dispatch for ROS interfaces
[ 58%] Building CXX object CMakeFiles/me416_msgs__rosidl_typesupport_c.dir/rosidl_typesupport_c/me416_msgs/msg/motor_speeds__type_support.cpp.o
[ 61%] Building CXX object CMakeFiles/me416_msgs__rosidl_typesupport_c.dir/rosidl_typesupport_c/me416_msgs/msg/motor_speeds_stamped__type_support.cpp.o
[ 64%] Linking CXX shared library libme416_msgs__rosidl_typesupport_c.so
[ 64%] Built target me416_msgs__rosidl_typesupport_c
[ 66%] Generating C introspection for ROS interfaces
[ 69%] Building C object CMakeFiles/me416_msgs__rosidl_typesupport_introspection_c.dir/rosidl_typesupport_introspection_c/me416_msgs/msg/detail/motor_speeds__type_support.c.o
[ 71%] Building C object CMakeFiles/me416_msgs__rosidl_typesupport_introspection_c.dir/rosidl_typesupport_introspection_c/me416_msgs/msg/detail/motor_speeds_stamped__type_support.c.o
[ 74%] Linking C shared library libme416_msgs__rosidl_typesupport_introspection_c.so
[ 74%] Built target me416_msgs__rosidl_typesupport_introspection_c
[ 74%] Built target me416_msgs
[ 76%] Generating Python code for ROS interfaces
[ 76%] Built target me416_msgs__py
[ 79%] Building C object CMakeFiles/me416_msgs__rosidl_generator_py.dir/rosidl_generator_py/me416_msgs/msg/_motor_speeds_s.c.o
[ 82%] Building C object CMakeFiles/me416_msgs__rosidl_generator_py.dir/rosidl_generator_py/me416_msgs/msg/_motor_speeds_stamped_s.c.o
[ 84%] Linking C shared library rosidl_generator_py/me416_msgs/libme416_msgs__rosidl_generator_py.so
[ 84%] Built target me416_msgs__rosidl_generator_py
[ 87%] Building C object CMakeFiles/me416_msgs__rosidl_typesupport_fastrtps_c__pyext.dir/rosidl_generator_py/me416_msgs/_me416_msgs_s.ep.rosidl_typesupport_fastrtps_c.c.o
[ 89%] Linking C shared library rosidl_generator_py/me416_msgs/me416_msgs_s__rosidl_typesupport_fastrtps_c.cpython-310-aarch64-linux-gnu.so
[ 89%] Built target me416_msgs__rosidl_typesupport_fastrtps_c__pyext
[ 92%] Building C object CMakeFiles/me416_msgs__rosidl_typesupport_c__pyext.dir/rosidl_generator_py/me416_msgs/_me416_msgs_s.ep.rosidl_typesupport_c.c.o
[ 94%] Linking C shared library rosidl_generator_py/me416_msgs/me416_msgs_s__rosidl_typesupport_c.cpython-310-aarch64-linux-gnu.so
[ 94%] Built target me416_msgs__rosidl_typesupport_c__pyext
[ 97%] Building C object CMakeFiles/me416_msgs__rosidl_typesupport_introspection_c__pyext.dir/rosidl_generator_py/me416_msgs/_me416_msgs_s.ep.rosidl_typesupport_introspection_c.c.o
[100%] Linking C shared library rosidl_generator_py/me416_msgs/me416_msgs_s__rosidl_typesupport_introspection_c.cpython-310-aarch64-linux-gnu.so
[100%] Built target me416_msgs__rosidl_typesupport_introspection_c__pyext
-- Install configuration: ""
-- Execute custom install script
-- Symlinking: /home/ubuntu/rastic_ws/install/me416_msgs/share/ament_index/resource_index/rosidl_interfaces/me416_msgs
-- Symlinking: /home/ubuntu/rastic_ws/install/me416_msgs/include/me416_msgs/me416_msgs/msg/detail/motor_speeds__functions.h
-- Symlinking: /home/ubuntu/rastic_ws/install/me416_msgs/include/me416_msgs/me416_msgs/msg/detail/motor_speeds__struct.h
-- Symlinking: /home/ubuntu/rastic_ws/install/me416_msgs/include/me416_msgs/me416_msgs/msg/detail/motor_speeds__type_support.h
-- Symlinking: /home/ubuntu/rastic_ws/install/me416_msgs/include/me416_msgs/me416_msgs/msg/detail/motor_speeds_stamped__functions.h
-- Symlinking: /home/ubuntu/rastic_ws/install/me416_msgs/include/me416_msgs/me416_msgs/msg/detail/motor_speeds_stamped__struct.h
-- Symlinking: /home/ubuntu/rastic_ws/install/me416_msgs/include/me416_msgs/me416_msgs/msg/detail/motor_speeds_stamped__type_support.h
-- Symlinking: /home/ubuntu/rastic_ws/install/me416_msgs/include/me416_msgs/me416_msgs/msg/motor_speeds.h
-- Symlinking: /home/ubuntu/rastic_ws/install/me416_msgs/include/me416_msgs/me416_msgs/msg/motor_speeds_stamped.h
-- Symlinking: /home/ubuntu/rastic_ws/install/me416_msgs/include/me416_msgs/me416_msgs/msg/rosidl_generator_c__visibility_control.h
-- Symlinking: /home/ubuntu/rastic_ws/install/me416_msgs/share/me416_msgs/environment/library_path.sh
-- Symlinking: /home/ubuntu/rastic_ws/install/me416_msgs/share/me416_msgs/environment/library_path.dsv
-- Symlinking: /home/ubuntu/rastic_ws/install/me416_msgs/include/me416_msgs/me416_msgs/msg/detail/motor_speeds__rosidl_typesupport_fastrtps_c.h
-- Symlinking: /home/ubuntu/rastic_ws/install/me416_msgs/include/me416_msgs/me416_msgs/msg/detail/motor_speeds_stamped__rosidl_typesupport_fastrtps_c.h
-- Symlinking: /home/ubuntu/rastic_ws/install/me416_msgs/include/me416_msgs/me416_msgs/msg/rosidl_typesupport_fastrtps_c__visibility_control.h
-- Symlinking: /home/ubuntu/rastic_ws/install/me416_msgs/include/me416_msgs/me416_msgs/msg/detail/motor_speeds__rosidl_typesupport_introspection_c.h
-- Symlinking: /home/ubuntu/rastic_ws/install/me416_msgs/include/me416_msgs/me416_msgs/msg/detail/motor_speeds_stamped__rosidl_typesupport_introspection_c.h
-- Symlinking: /home/ubuntu/rastic_ws/install/me416_msgs/include/me416_msgs/me416_msgs/msg/rosidl_typesupport_introspection_c__visibility_control.h
-- Symlinking: /home/ubuntu/rastic_ws/install/me416_msgs/include/me416_msgs/me416_msgs/msg/detail/motor_speeds__builder.hpp
-- Symlinking: /home/ubuntu/rastic_ws/install/me416_msgs/include/me416_msgs/me416_msgs/msg/detail/motor_speeds__struct.hpp
-- Symlinking: /home/ubuntu/rastic_ws/install/me416_msgs/include/me416_msgs/me416_msgs/msg/detail/motor_speeds__traits.hpp
-- Symlinking: /home/ubuntu/rastic_ws/install/me416_msgs/include/me416_msgs/me416_msgs/msg/detail/motor_speeds_stamped__builder.hpp
-- Symlinking: /home/ubuntu/rastic_ws/install/me416_msgs/include/me416_msgs/me416_msgs/msg/detail/motor_speeds_stamped__struct.hpp
-- Symlinking: /home/ubuntu/rastic_ws/install/me416_msgs/include/me416_msgs/me416_msgs/msg/detail/motor_speeds_stamped__traits.hpp
-- Symlinking: /home/ubuntu/rastic_ws/install/me416_msgs/include/me416_msgs/me416_msgs/msg/motor_speeds.hpp
-- Symlinking: /home/ubuntu/rastic_ws/install/me416_msgs/include/me416_msgs/me416_msgs/msg/motor_speeds_stamped.hpp
-- Symlinking: /home/ubuntu/rastic_ws/install/me416_msgs/include/me416_msgs/me416_msgs/msg/detail/motor_speeds__rosidl_typesupport_fastrtps_cpp.hpp
-- Symlinking: /home/ubuntu/rastic_ws/install/me416_msgs/include/me416_msgs/me416_msgs/msg/detail/motor_speeds_stamped__rosidl_typesupport_fastrtps_cpp.hpp
-- Symlinking: /home/ubuntu/rastic_ws/install/me416_msgs/include/me416_msgs/me416_msgs/msg/rosidl_typesupport_fastrtps_cpp__visibility_control.h
-- Symlinking: /home/ubuntu/rastic_ws/install/me416_msgs/include/me416_msgs/me416_msgs/msg/detail/motor_speeds__rosidl_typesupport_introspection_cpp.hpp
-- Symlinking: /home/ubuntu/rastic_ws/install/me416_msgs/include/me416_msgs/me416_msgs/msg/detail/motor_speeds_stamped__rosidl_typesupport_introspection_cpp.hpp
-- Symlinking: /home/ubuntu/rastic_ws/install/me416_msgs/share/me416_msgs/environment/pythonpath.sh
-- Symlinking: /home/ubuntu/rastic_ws/install/me416_msgs/share/me416_msgs/environment/pythonpath.dsv
-- Symlinking: /home/ubuntu/rastic_ws/install/me416_msgs/local/lib/python3.10/dist-packages/me416_msgs-0.0.0-py3.10.egg-info/PKG-INFO
-- Symlinking: /home/ubuntu/rastic_ws/install/me416_msgs/local/lib/python3.10/dist-packages/me416_msgs-0.0.0-py3.10.egg-info/SOURCES.txt
-- Symlinking: /home/ubuntu/rastic_ws/install/me416_msgs/local/lib/python3.10/dist-packages/me416_msgs-0.0.0-py3.10.egg-info/dependency_links.txt
-- Symlinking: /home/ubuntu/rastic_ws/install/me416_msgs/local/lib/python3.10/dist-packages/me416_msgs-0.0.0-py3.10.egg-info/top_level.txt
-- Symlinking: /home/ubuntu/rastic_ws/install/me416_msgs/local/lib/python3.10/dist-packages/me416_msgs/__init__.py
-- Symlinking: /home/ubuntu/rastic_ws/install/me416_msgs/local/lib/python3.10/dist-packages/me416_msgs/_me416_msgs_s.ep.rosidl_typesupport_c.c
-- Symlinking: /home/ubuntu/rastic_ws/install/me416_msgs/local/lib/python3.10/dist-packages/me416_msgs/_me416_msgs_s.ep.rosidl_typesupport_fastrtps_c.c
-- Symlinking: /home/ubuntu/rastic_ws/install/me416_msgs/local/lib/python3.10/dist-packages/me416_msgs/_me416_msgs_s.ep.rosidl_typesupport_introspection_c.c
-- Symlinking: /home/ubuntu/rastic_ws/install/me416_msgs/local/lib/python3.10/dist-packages/me416_msgs/libme416_msgs__rosidl_generator_py.so
-- Symlinking: /home/ubuntu/rastic_ws/install/me416_msgs/local/lib/python3.10/dist-packages/me416_msgs/me416_msgs_s__rosidl_typesupport_c.cpython-310-aarch64-linux-gnu.so
-- Symlinking: /home/ubuntu/rastic_ws/install/me416_msgs/local/lib/python3.10/dist-packages/me416_msgs/me416_msgs_s__rosidl_typesupport_fastrtps_c.cpython-310-aarch64-linux-gnu.so
-- Symlinking: /home/ubuntu/rastic_ws/install/me416_msgs/local/lib/python3.10/dist-packages/me416_msgs/me416_msgs_s__rosidl_typesupport_introspection_c.cpython-310-aarch64-linux-gnu.so
-- Symlinking: /home/ubuntu/rastic_ws/install/me416_msgs/local/lib/python3.10/dist-packages/me416_msgs/msg/__init__.py
-- Symlinking: /home/ubuntu/rastic_ws/install/me416_msgs/local/lib/python3.10/dist-packages/me416_msgs/msg/_motor_speeds.py
-- Symlinking: /home/ubuntu/rastic_ws/install/me416_msgs/local/lib/python3.10/dist-packages/me416_msgs/msg/_motor_speeds_s.c
-- Symlinking: /home/ubuntu/rastic_ws/install/me416_msgs/local/lib/python3.10/dist-packages/me416_msgs/msg/_motor_speeds_stamped.py
-- Symlinking: /home/ubuntu/rastic_ws/install/me416_msgs/local/lib/python3.10/dist-packages/me416_msgs/msg/_motor_speeds_stamped_s.c
-- Up-to-date symlink: /home/ubuntu/rastic_ws/install/me416_msgs/local/lib/python3.10/dist-packages/me416_msgs/me416_msgs_s__rosidl_typesupport_fastrtps_c.cpython-310-aarch64-linux-gnu.so
-- Up-to-date symlink: /home/ubuntu/rastic_ws/install/me416_msgs/local/lib/python3.10/dist-packages/me416_msgs/me416_msgs_s__rosidl_typesupport_introspection_c.cpython-310-aarch64-linux-gnu.so
-- Up-to-date symlink: /home/ubuntu/rastic_ws/install/me416_msgs/local/lib/python3.10/dist-packages/me416_msgs/me416_msgs_s__rosidl_typesupport_c.cpython-310-aarch64-linux-gnu.so
-- Symlinking: /home/ubuntu/rastic_ws/install/me416_msgs/share/me416_msgs/msg/MotorSpeeds.idl
-- Symlinking: /home/ubuntu/rastic_ws/install/me416_msgs/share/me416_msgs/msg/MotorSpeedsStamped.idl
-- Symlinking: /home/ubuntu/rastic_ws/install/me416_msgs/share/me416_msgs/msg/MotorSpeeds.msg
-- Symlinking: /home/ubuntu/rastic_ws/install/me416_msgs/share/me416_msgs/msg/MotorSpeedsStamped.msg
-- Symlinking: /home/ubuntu/rastic_ws/install/me416_msgs/share/ament_index/resource_index/package_run_dependencies/me416_msgs
-- Symlinking: /home/ubuntu/rastic_ws/install/me416_msgs/share/ament_index/resource_index/parent_prefix_path/me416_msgs
-- Symlinking: /home/ubuntu/rastic_ws/install/me416_msgs/share/me416_msgs/environment/ament_prefix_path.sh
-- Symlinking: /home/ubuntu/rastic_ws/install/me416_msgs/share/me416_msgs/environment/ament_prefix_path.dsv
-- Symlinking: /home/ubuntu/rastic_ws/install/me416_msgs/share/me416_msgs/environment/path.sh
-- Symlinking: /home/ubuntu/rastic_ws/install/me416_msgs/share/me416_msgs/environment/path.dsv
-- Symlinking: /home/ubuntu/rastic_ws/install/me416_msgs/share/me416_msgs/local_setup.bash
-- Symlinking: /home/ubuntu/rastic_ws/install/me416_msgs/share/me416_msgs/local_setup.sh
-- Symlinking: /home/ubuntu/rastic_ws/install/me416_msgs/share/me416_msgs/local_setup.zsh
-- Symlinking: /home/ubuntu/rastic_ws/install/me416_msgs/share/me416_msgs/local_setup.dsv
-- Symlinking: /home/ubuntu/rastic_ws/install/me416_msgs/share/me416_msgs/package.dsv
-- Symlinking: /home/ubuntu/rastic_ws/install/me416_msgs/share/ament_index/resource_index/packages/me416_msgs
-- Symlinking: /home/ubuntu/rastic_ws/install/me416_msgs/share/me416_msgs/cmake/rosidl_cmake-extras.cmake
-- Symlinking: /home/ubuntu/rastic_ws/install/me416_msgs/share/me416_msgs/cmake/ament_cmake_export_dependencies-extras.cmake
-- Symlinking: /home/ubuntu/rastic_ws/install/me416_msgs/share/me416_msgs/cmake/ament_cmake_export_include_directories-extras.cmake
-- Symlinking: /home/ubuntu/rastic_ws/install/me416_msgs/share/me416_msgs/cmake/ament_cmake_export_libraries-extras.cmake
-- Symlinking: /home/ubuntu/rastic_ws/install/me416_msgs/share/me416_msgs/cmake/ament_cmake_export_targets-extras.cmake
-- Symlinking: /home/ubuntu/rastic_ws/install/me416_msgs/share/me416_msgs/cmake/rosidl_cmake_export_typesupport_targets-extras.cmake
-- Symlinking: /home/ubuntu/rastic_ws/install/me416_msgs/share/me416_msgs/cmake/rosidl_cmake_export_typesupport_libraries-extras.cmake
-- Symlinking: /home/ubuntu/rastic_ws/install/me416_msgs/share/me416_msgs/cmake/me416_msgsConfig.cmake
-- Symlinking: /home/ubuntu/rastic_ws/install/me416_msgs/share/me416_msgs/cmake/me416_msgsConfig-version.cmake
-- Symlinking: /home/ubuntu/rastic_ws/install/me416_msgs/share/me416_msgs/package.xml
-- Installing: /home/ubuntu/rastic_ws/install/me416_msgs/lib/libme416_msgs__rosidl_generator_c.so
-- Set runtime path of "/home/ubuntu/rastic_ws/install/me416_msgs/lib/libme416_msgs__rosidl_generator_c.so" to ""
-- Installing: /home/ubuntu/rastic_ws/install/me416_msgs/lib/libme416_msgs__rosidl_typesupport_fastrtps_c.so
-- Set runtime path of "/home/ubuntu/rastic_ws/install/me416_msgs/lib/libme416_msgs__rosidl_typesupport_fastrtps_c.so" to ""
-- Installing: /home/ubuntu/rastic_ws/install/me416_msgs/lib/libme416_msgs__rosidl_typesupport_introspection_c.so
-- Set runtime path of "/home/ubuntu/rastic_ws/install/me416_msgs/lib/libme416_msgs__rosidl_typesupport_introspection_c.so" to ""
-- Installing: /home/ubuntu/rastic_ws/install/me416_msgs/lib/libme416_msgs__rosidl_typesupport_c.so
-- Set runtime path of "/home/ubuntu/rastic_ws/install/me416_msgs/lib/libme416_msgs__rosidl_typesupport_c.so" to ""
-- Installing: /home/ubuntu/rastic_ws/install/me416_msgs/lib/libme416_msgs__rosidl_typesupport_fastrtps_cpp.so
-- Set runtime path of "/home/ubuntu/rastic_ws/install/me416_msgs/lib/libme416_msgs__rosidl_typesupport_fastrtps_cpp.so" to ""
-- Installing: /home/ubuntu/rastic_ws/install/me416_msgs/lib/libme416_msgs__rosidl_typesupport_introspection_cpp.so
-- Set runtime path of "/home/ubuntu/rastic_ws/install/me416_msgs/lib/libme416_msgs__rosidl_typesupport_introspection_cpp.so" to ""
-- Installing: /home/ubuntu/rastic_ws/install/me416_msgs/lib/libme416_msgs__rosidl_typesupport_cpp.so
-- Set runtime path of "/home/ubuntu/rastic_ws/install/me416_msgs/lib/libme416_msgs__rosidl_typesupport_cpp.so" to ""
Listing '/home/ubuntu/rastic_ws/install/me416_msgs/local/lib/python3.10/dist-packages/me416_msgs'...
Compiling '/home/ubuntu/rastic_ws/install/me416_msgs/local/lib/python3.10/dist-packages/me416_msgs/__init__.py'...
Listing '/home/ubuntu/rastic_ws/install/me416_msgs/local/lib/python3.10/dist-packages/me416_msgs/msg'...
Compiling '/home/ubuntu/rastic_ws/install/me416_msgs/local/lib/python3.10/dist-packages/me416_msgs/msg/__init__.py'...
Compiling '/home/ubuntu/rastic_ws/install/me416_msgs/local/lib/python3.10/dist-packages/me416_msgs/msg/_motor_speeds.py'...
Compiling '/home/ubuntu/rastic_ws/install/me416_msgs/local/lib/python3.10/dist-packages/me416_msgs/msg/_motor_speeds_stamped.py'...
-- Installing: /home/ubuntu/rastic_ws/install/me416_msgs/lib/libme416_msgs__rosidl_generator_py.so
-- Set runtime path of "/home/ubuntu/rastic_ws/install/me416_msgs/lib/libme416_msgs__rosidl_generator_py.so" to ""
-- Installing: /home/ubuntu/rastic_ws/install/me416_msgs/share/me416_msgs/cmake/export_me416_msgs__rosidl_generator_cExport.cmake
-- Installing: /home/ubuntu/rastic_ws/install/me416_msgs/share/me416_msgs/cmake/export_me416_msgs__rosidl_generator_cExport-noconfig.cmake
-- Installing: /home/ubuntu/rastic_ws/install/me416_msgs/share/me416_msgs/cmake/export_me416_msgs__rosidl_typesupport_fastrtps_cExport.cmake
-- Installing: /home/ubuntu/rastic_ws/install/me416_msgs/share/me416_msgs/cmake/export_me416_msgs__rosidl_typesupport_fastrtps_cExport-noconfig.cmake
-- Installing: /home/ubuntu/rastic_ws/install/me416_msgs/share/me416_msgs/cmake/me416_msgs__rosidl_typesupport_introspection_cExport.cmake
-- Installing: /home/ubuntu/rastic_ws/install/me416_msgs/share/me416_msgs/cmake/me416_msgs__rosidl_typesupport_introspection_cExport-noconfig.cmake
-- Installing: /home/ubuntu/rastic_ws/install/me416_msgs/share/me416_msgs/cmake/me416_msgs__rosidl_typesupport_cExport.cmake
-- Installing: /home/ubuntu/rastic_ws/install/me416_msgs/share/me416_msgs/cmake/me416_msgs__rosidl_typesupport_cExport-noconfig.cmake
-- Installing: /home/ubuntu/rastic_ws/install/me416_msgs/share/me416_msgs/cmake/export_me416_msgs__rosidl_generator_cppExport.cmake
-- Installing: /home/ubuntu/rastic_ws/install/me416_msgs/share/me416_msgs/cmake/export_me416_msgs__rosidl_typesupport_fastrtps_cppExport.cmake
-- Installing: /home/ubuntu/rastic_ws/install/me416_msgs/share/me416_msgs/cmake/export_me416_msgs__rosidl_typesupport_fastrtps_cppExport-noconfig.cmake
-- Installing: /home/ubuntu/rastic_ws/install/me416_msgs/share/me416_msgs/cmake/me416_msgs__rosidl_typesupport_introspection_cppExport.cmake
-- Installing: /home/ubuntu/rastic_ws/install/me416_msgs/share/me416_msgs/cmake/me416_msgs__rosidl_typesupport_introspection_cppExport-noconfig.cmake
-- Installing: /home/ubuntu/rastic_ws/install/me416_msgs/share/me416_msgs/cmake/me416_msgs__rosidl_typesupport_cppExport.cmake
-- Installing: /home/ubuntu/rastic_ws/install/me416_msgs/share/me416_msgs/cmake/me416_msgs__rosidl_typesupport_cppExport-noconfig.cmake
-- Installing: /home/ubuntu/rastic_ws/install/me416_msgs/share/me416_msgs/cmake/export_me416_msgs__rosidl_generator_pyExport.cmake
-- Installing: /home/ubuntu/rastic_ws/install/me416_msgs/share/me416_msgs/cmake/export_me416_msgs__rosidl_generator_pyExport-noconfig.cmake
