[0.649s] Invoking command in '/home/ubuntu/rastic_ws/build/me416_msgs': CMAKE_PREFIX_PATH=/opt/ros/humble /usr/bin/cmake /home/ubuntu/rastic_ws/src/me416_msgs -DAMENT_CMAKE_SYMLINK_INSTALL=1 -DCMAKE_INSTALL_PREFIX=/home/ubuntu/rastic_ws/install/me416_msgs
[1.454s] -- The C compiler identification is GNU 11.4.0
[2.101s] -- The CXX compiler identification is GNU 11.4.0
[2.177s] -- Detecting C compiler ABI info
[2.705s] -- Detecting C compiler ABI info - done
[2.783s] -- Check for working C compiler: /usr/bin/cc - skipped
[2.786s] -- Detecting C compile features
[2.791s] -- Detecting C compile features - done
[2.815s] -- Detecting CXX compiler ABI info
[3.352s] -- Detecting CXX compiler ABI info - done
[3.425s] -- Check for working CXX compiler: /usr/bin/c++ - skipped
[3.427s] -- Detecting CXX compile features
[3.431s] -- Detecting CXX compile features - done
[3.455s] -- Found ament_cmake: 1.3.6 (/opt/ros/humble/share/ament_cmake/cmake)
[4.948s] -- Found Python3: /usr/bin/python3.10 (found version "3.10.12") found components: Interpreter 
[5.540s] -- Override CMake install command with custom implementation using symlinks instead of copying resources
[5.702s] -- Found rosidl_default_generators: 1.2.0 (/opt/ros/humble/share/rosidl_default_generators/cmake)
[5.721s] -- Using all available rosidl_typesupport_c: rosidl_typesupport_fastrtps_c;rosidl_typesupport_introspection_c
[5.756s] -- Found rosidl_adapter: 3.1.5 (/opt/ros/humble/share/rosidl_adapter/cmake)
[6.066s] -- Using all available rosidl_typesupport_cpp: rosidl_typesupport_fastrtps_cpp;rosidl_typesupport_introspection_cpp
[6.359s] -- Found builtin_interfaces: 1.2.1 (/opt/ros/humble/share/builtin_interfaces/cmake)
[6.550s] -- Found std_msgs: 4.2.3 (/opt/ros/humble/share/std_msgs/cmake)
[6.852s] -- Found ament_lint_auto: 0.12.9 (/opt/ros/humble/share/ament_lint_auto/cmake)
[9.242s] -- Found ament_cmake_ros: 0.10.0 (/opt/ros/humble/share/ament_cmake_ros/cmake)
[11.145s] -- Using all available rosidl_typesupport_c: rosidl_typesupport_fastrtps_c;rosidl_typesupport_introspection_c
[13.595s] -- Using all available rosidl_typesupport_cpp: rosidl_typesupport_fastrtps_cpp;rosidl_typesupport_introspection_cpp
[13.808s] -- Found PythonInterp: /usr/bin/python3 (found suitable version "3.10.12", minimum required is "3.6") 
[13.814s] -- Found python_cmake_module: 0.10.0 (/opt/ros/humble/share/python_cmake_module/cmake)
[14.030s] -- Found PythonLibs: /usr/lib/aarch64-linux-gnu/libpython3.10.so (found suitable version "3.10.12", minimum required is "3.5") 
[14.032s] -- Using PYTHON_EXECUTABLE: /usr/bin/python3
[14.033s] -- Using PYTHON_INCLUDE_DIRS: /usr/include/python3.10
[14.034s] -- Using PYTHON_LIBRARIES: /usr/lib/aarch64-linux-gnu/libpython3.10.so
[14.213s] -- Found PythonExtra: .so  
[14.700s] -- Added test 'lint_cmake' to check CMake code style
[14.726s] -- Added test 'xmllint' to check XML markup files
[14.783s] -- Configuring done
[15.038s] -- Generating done
[15.060s] -- Build files have been written to: /home/ubuntu/rastic_ws/build/me416_msgs
[15.136s] Invoked command in '/home/ubuntu/rastic_ws/build/me416_msgs' returned '0': CMAKE_PREFIX_PATH=/opt/ros/humble /usr/bin/cmake /home/ubuntu/rastic_ws/src/me416_msgs -DAMENT_CMAKE_SYMLINK_INSTALL=1 -DCMAKE_INSTALL_PREFIX=/home/ubuntu/rastic_ws/install/me416_msgs
[15.146s] Invoking command in '/home/ubuntu/rastic_ws/build/me416_msgs': CMAKE_PREFIX_PATH=/opt/ros/humble /usr/bin/cmake --build /home/ubuntu/rastic_ws/build/me416_msgs -- -j4 -l4
[15.451s] [  2%] Generating C++ code for ROS interfaces
[18.747s] [  2%] Built target me416_msgs__cpp
[18.917s] [  2%] Built target ament_cmake_python_symlink_me416_msgs
[18.979s] [  5%] Generating C++ type support for eProsima Fast-RTPS
[21.969s] [  7%] Building CXX object CMakeFiles/me416_msgs__rosidl_typesupport_fastrtps_cpp.dir/rosidl_typesupport_fastrtps_cpp/me416_msgs/msg/detail/dds_fastrtps/motor_speeds__type_support.cpp.o
[25.588s] [ 10%] Building CXX object CMakeFiles/me416_msgs__rosidl_typesupport_fastrtps_cpp.dir/rosidl_typesupport_fastrtps_cpp/me416_msgs/msg/detail/dds_fastrtps/motor_speeds_stamped__type_support.cpp.o
[29.121s] [ 12%] Linking CXX shared library libme416_msgs__rosidl_typesupport_fastrtps_cpp.so
[29.700s] [ 12%] Built target me416_msgs__rosidl_typesupport_fastrtps_cpp
[29.767s] [ 15%] Generating C++ introspection for ROS interfaces
[32.630s] [ 17%] Building CXX object CMakeFiles/me416_msgs__rosidl_typesupport_introspection_cpp.dir/rosidl_typesupport_introspection_cpp/me416_msgs/msg/detail/motor_speeds__type_support.cpp.o
[35.933s] [ 20%] Building CXX object CMakeFiles/me416_msgs__rosidl_typesupport_introspection_cpp.dir/rosidl_typesupport_introspection_cpp/me416_msgs/msg/detail/motor_speeds_stamped__type_support.cpp.o
[39.359s] [ 23%] Linking CXX shared library libme416_msgs__rosidl_typesupport_introspection_cpp.so
[39.853s] [ 23%] Built target me416_msgs__rosidl_typesupport_introspection_cpp
[42.341s] running egg_info
[42.346s] creating me416_msgs.egg-info
[42.350s] writing me416_msgs.egg-info/PKG-INFO
[42.351s] writing dependency_links to me416_msgs.egg-info/dependency_links.txt
[42.353s] writing top-level names to me416_msgs.egg-info/top_level.txt
[42.355s] writing manifest file 'me416_msgs.egg-info/SOURCES.txt'
[42.374s] reading manifest file 'me416_msgs.egg-info/SOURCES.txt'
[42.379s] writing manifest file 'me416_msgs.egg-info/SOURCES.txt'
[42.634s] [ 23%] Built target ament_cmake_python_build_me416_msgs_egg
[42.694s] [ 25%] Generating C++ type support dispatch for ROS interfaces
[45.259s] [ 28%] Building CXX object CMakeFiles/me416_msgs__rosidl_typesupport_cpp.dir/rosidl_typesupport_cpp/me416_msgs/msg/motor_speeds__type_support.cpp.o
[47.659s] [ 30%] Building CXX object CMakeFiles/me416_msgs__rosidl_typesupport_cpp.dir/rosidl_typesupport_cpp/me416_msgs/msg/motor_speeds_stamped__type_support.cpp.o
[50.019s] [ 33%] Linking CXX shared library libme416_msgs__rosidl_typesupport_cpp.so
[50.264s] [ 33%] Built target me416_msgs__rosidl_typesupport_cpp
[50.322s] [ 35%] Generating C code for ROS interfaces
[53.832s] [ 38%] Building C object CMakeFiles/me416_msgs__rosidl_generator_c.dir/rosidl_generator_c/me416_msgs/msg/detail/motor_speeds__functions.c.o
[54.161s] [ 41%] Building C object CMakeFiles/me416_msgs__rosidl_generator_c.dir/rosidl_generator_c/me416_msgs/msg/detail/motor_speeds_stamped__functions.c.o
[54.510s] [ 43%] Linking C shared library libme416_msgs__rosidl_generator_c.so
[54.791s] [ 43%] Built target me416_msgs__rosidl_generator_c
[54.862s] [ 46%] Generating C type support for eProsima Fast-RTPS
[57.863s] [ 48%] Building CXX object CMakeFiles/me416_msgs__rosidl_typesupport_fastrtps_c.dir/rosidl_typesupport_fastrtps_c/me416_msgs/msg/detail/motor_speeds__type_support_c.cpp.o
[60.717s] [ 51%] Building CXX object CMakeFiles/me416_msgs__rosidl_typesupport_fastrtps_c.dir/rosidl_typesupport_fastrtps_c/me416_msgs/msg/detail/motor_speeds_stamped__type_support_c.cpp.o
[63.574s] [ 53%] Linking CXX shared library libme416_msgs__rosidl_typesupport_fastrtps_c.so
[64.136s] [ 53%] Built target me416_msgs__rosidl_typesupport_fastrtps_c
[64.195s] [ 56%] Generating C type support dispatch for ROS interfaces
[66.678s] [ 58%] Building CXX object CMakeFiles/me416_msgs__rosidl_typesupport_c.dir/rosidl_typesupport_c/me416_msgs/msg/motor_speeds__type_support.cpp.o
[66.876s] [ 61%] Building CXX object CMakeFiles/me416_msgs__rosidl_typesupport_c.dir/rosidl_typesupport_c/me416_msgs/msg/motor_speeds_stamped__type_support.cpp.o
[67.085s] [ 64%] Linking CXX shared library libme416_msgs__rosidl_typesupport_c.so
[67.339s] [ 64%] Built target me416_msgs__rosidl_typesupport_c
[67.408s] [ 66%] Generating C introspection for ROS interfaces
[70.329s] [ 69%] Building C object CMakeFiles/me416_msgs__rosidl_typesupport_introspection_c.dir/rosidl_typesupport_introspection_c/me416_msgs/msg/detail/motor_speeds__type_support.c.o
[70.550s] [ 71%] Building C object CMakeFiles/me416_msgs__rosidl_typesupport_introspection_c.dir/rosidl_typesupport_introspection_c/me416_msgs/msg/detail/motor_speeds_stamped__type_support.c.o
[70.773s] [ 74%] Linking C shared library libme416_msgs__rosidl_typesupport_introspection_c.so
[70.960s] [ 74%] Built target me416_msgs__rosidl_typesupport_introspection_c
[71.080s] [ 74%] Built target me416_msgs
[71.201s] [ 76%] Generating Python code for ROS interfaces
[75.532s] [ 76%] Built target me416_msgs__py
[75.657s] [ 79%] Building C object CMakeFiles/me416_msgs__rosidl_generator_py.dir/rosidl_generator_py/me416_msgs/msg/_motor_speeds_s.c.o
[76.494s] [ 82%] Building C object CMakeFiles/me416_msgs__rosidl_generator_py.dir/rosidl_generator_py/me416_msgs/msg/_motor_speeds_stamped_s.c.o
[77.214s] [ 84%] Linking C shared library rosidl_generator_py/me416_msgs/libme416_msgs__rosidl_generator_py.so
[77.535s] [ 84%] Built target me416_msgs__rosidl_generator_py
[77.668s] [ 87%] Building C object CMakeFiles/me416_msgs__rosidl_typesupport_fastrtps_c__pyext.dir/rosidl_generator_py/me416_msgs/_me416_msgs_s.ep.rosidl_typesupport_fastrtps_c.c.o
[78.368s] [ 89%] Linking C shared library rosidl_generator_py/me416_msgs/me416_msgs_s__rosidl_typesupport_fastrtps_c.cpython-310-aarch64-linux-gnu.so
[78.664s] [ 89%] Built target me416_msgs__rosidl_typesupport_fastrtps_c__pyext
[78.787s] [ 92%] Building C object CMakeFiles/me416_msgs__rosidl_typesupport_c__pyext.dir/rosidl_generator_py/me416_msgs/_me416_msgs_s.ep.rosidl_typesupport_c.c.o
[79.490s] [ 94%] Linking C shared library rosidl_generator_py/me416_msgs/me416_msgs_s__rosidl_typesupport_c.cpython-310-aarch64-linux-gnu.so
[79.792s] [ 94%] Built target me416_msgs__rosidl_typesupport_c__pyext
[79.927s] [ 97%] Building C object CMakeFiles/me416_msgs__rosidl_typesupport_introspection_c__pyext.dir/rosidl_generator_py/me416_msgs/_me416_msgs_s.ep.rosidl_typesupport_introspection_c.c.o
[80.618s] [100%] Linking C shared library rosidl_generator_py/me416_msgs/me416_msgs_s__rosidl_typesupport_introspection_c.cpython-310-aarch64-linux-gnu.so
[80.914s] [100%] Built target me416_msgs__rosidl_typesupport_introspection_c__pyext
[80.988s] Invoked command in '/home/ubuntu/rastic_ws/build/me416_msgs' returned '0': CMAKE_PREFIX_PATH=/opt/ros/humble /usr/bin/cmake --build /home/ubuntu/rastic_ws/build/me416_msgs -- -j4 -l4
[81.404s] Invoking command in '/home/ubuntu/rastic_ws/build/me416_msgs': CMAKE_PREFIX_PATH=/opt/ros/humble /usr/bin/cmake --install /home/ubuntu/rastic_ws/build/me416_msgs
[81.458s] -- Install configuration: ""
[81.463s] -- Execute custom install script
[81.466s] -- Symlinking: /home/ubuntu/rastic_ws/install/me416_msgs/share/ament_index/resource_index/rosidl_interfaces/me416_msgs
[81.522s] -- Symlinking: /home/ubuntu/rastic_ws/install/me416_msgs/include/me416_msgs/me416_msgs/msg/detail/motor_speeds__functions.h
[81.574s] -- Symlinking: /home/ubuntu/rastic_ws/install/me416_msgs/include/me416_msgs/me416_msgs/msg/detail/motor_speeds__struct.h
[81.629s] -- Symlinking: /home/ubuntu/rastic_ws/install/me416_msgs/include/me416_msgs/me416_msgs/msg/detail/motor_speeds__type_support.h
[81.684s] -- Symlinking: /home/ubuntu/rastic_ws/install/me416_msgs/include/me416_msgs/me416_msgs/msg/detail/motor_speeds_stamped__functions.h
[81.737s] -- Symlinking: /home/ubuntu/rastic_ws/install/me416_msgs/include/me416_msgs/me416_msgs/msg/detail/motor_speeds_stamped__struct.h
[81.794s] -- Symlinking: /home/ubuntu/rastic_ws/install/me416_msgs/include/me416_msgs/me416_msgs/msg/detail/motor_speeds_stamped__type_support.h
[81.858s] -- Symlinking: /home/ubuntu/rastic_ws/install/me416_msgs/include/me416_msgs/me416_msgs/msg/motor_speeds.h
[81.921s] -- Symlinking: /home/ubuntu/rastic_ws/install/me416_msgs/include/me416_msgs/me416_msgs/msg/motor_speeds_stamped.h
[81.993s] -- Symlinking: /home/ubuntu/rastic_ws/install/me416_msgs/include/me416_msgs/me416_msgs/msg/rosidl_generator_c__visibility_control.h
[82.063s] -- Symlinking: /home/ubuntu/rastic_ws/install/me416_msgs/share/me416_msgs/environment/library_path.sh
[82.128s] -- Symlinking: /home/ubuntu/rastic_ws/install/me416_msgs/share/me416_msgs/environment/library_path.dsv
[82.202s] -- Symlinking: /home/ubuntu/rastic_ws/install/me416_msgs/include/me416_msgs/me416_msgs/msg/detail/motor_speeds__rosidl_typesupport_fastrtps_c.h
[82.265s] -- Symlinking: /home/ubuntu/rastic_ws/install/me416_msgs/include/me416_msgs/me416_msgs/msg/detail/motor_speeds_stamped__rosidl_typesupport_fastrtps_c.h
[82.337s] -- Symlinking: /home/ubuntu/rastic_ws/install/me416_msgs/include/me416_msgs/me416_msgs/msg/rosidl_typesupport_fastrtps_c__visibility_control.h
[82.416s] -- Symlinking: /home/ubuntu/rastic_ws/install/me416_msgs/include/me416_msgs/me416_msgs/msg/detail/motor_speeds__rosidl_typesupport_introspection_c.h
[82.485s] -- Symlinking: /home/ubuntu/rastic_ws/install/me416_msgs/include/me416_msgs/me416_msgs/msg/detail/motor_speeds_stamped__rosidl_typesupport_introspection_c.h
[82.555s] -- Symlinking: /home/ubuntu/rastic_ws/install/me416_msgs/include/me416_msgs/me416_msgs/msg/rosidl_typesupport_introspection_c__visibility_control.h
[82.629s] -- Symlinking: /home/ubuntu/rastic_ws/install/me416_msgs/include/me416_msgs/me416_msgs/msg/detail/motor_speeds__builder.hpp
[82.684s] -- Symlinking: /home/ubuntu/rastic_ws/install/me416_msgs/include/me416_msgs/me416_msgs/msg/detail/motor_speeds__struct.hpp
[82.738s] -- Symlinking: /home/ubuntu/rastic_ws/install/me416_msgs/include/me416_msgs/me416_msgs/msg/detail/motor_speeds__traits.hpp
[82.790s] -- Symlinking: /home/ubuntu/rastic_ws/install/me416_msgs/include/me416_msgs/me416_msgs/msg/detail/motor_speeds_stamped__builder.hpp
[82.844s] -- Symlinking: /home/ubuntu/rastic_ws/install/me416_msgs/include/me416_msgs/me416_msgs/msg/detail/motor_speeds_stamped__struct.hpp
[82.900s] -- Symlinking: /home/ubuntu/rastic_ws/install/me416_msgs/include/me416_msgs/me416_msgs/msg/detail/motor_speeds_stamped__traits.hpp
[82.964s] -- Symlinking: /home/ubuntu/rastic_ws/install/me416_msgs/include/me416_msgs/me416_msgs/msg/motor_speeds.hpp
[83.041s] -- Symlinking: /home/ubuntu/rastic_ws/install/me416_msgs/include/me416_msgs/me416_msgs/msg/motor_speeds_stamped.hpp
[83.106s] -- Symlinking: /home/ubuntu/rastic_ws/install/me416_msgs/include/me416_msgs/me416_msgs/msg/detail/motor_speeds__rosidl_typesupport_fastrtps_cpp.hpp
[83.161s] -- Symlinking: /home/ubuntu/rastic_ws/install/me416_msgs/include/me416_msgs/me416_msgs/msg/detail/motor_speeds_stamped__rosidl_typesupport_fastrtps_cpp.hpp
[83.218s] -- Symlinking: /home/ubuntu/rastic_ws/install/me416_msgs/include/me416_msgs/me416_msgs/msg/rosidl_typesupport_fastrtps_cpp__visibility_control.h
[83.271s] -- Symlinking: /home/ubuntu/rastic_ws/install/me416_msgs/include/me416_msgs/me416_msgs/msg/detail/motor_speeds__rosidl_typesupport_introspection_cpp.hpp
[83.321s] -- Symlinking: /home/ubuntu/rastic_ws/install/me416_msgs/include/me416_msgs/me416_msgs/msg/detail/motor_speeds_stamped__rosidl_typesupport_introspection_cpp.hpp
[83.374s] -- Symlinking: /home/ubuntu/rastic_ws/install/me416_msgs/share/me416_msgs/environment/pythonpath.sh
[83.429s] -- Symlinking: /home/ubuntu/rastic_ws/install/me416_msgs/share/me416_msgs/environment/pythonpath.dsv
[83.486s] -- Symlinking: /home/ubuntu/rastic_ws/install/me416_msgs/local/lib/python3.10/dist-packages/me416_msgs-0.0.0-py3.10.egg-info/PKG-INFO
[83.541s] -- Symlinking: /home/ubuntu/rastic_ws/install/me416_msgs/local/lib/python3.10/dist-packages/me416_msgs-0.0.0-py3.10.egg-info/SOURCES.txt
[83.597s] -- Symlinking: /home/ubuntu/rastic_ws/install/me416_msgs/local/lib/python3.10/dist-packages/me416_msgs-0.0.0-py3.10.egg-info/dependency_links.txt
[83.651s] -- Symlinking: /home/ubuntu/rastic_ws/install/me416_msgs/local/lib/python3.10/dist-packages/me416_msgs-0.0.0-py3.10.egg-info/top_level.txt
[83.710s] -- Symlinking: /home/ubuntu/rastic_ws/install/me416_msgs/local/lib/python3.10/dist-packages/me416_msgs/__init__.py
[83.764s] -- Symlinking: /home/ubuntu/rastic_ws/install/me416_msgs/local/lib/python3.10/dist-packages/me416_msgs/_me416_msgs_s.ep.rosidl_typesupport_c.c
[83.819s] -- Symlinking: /home/ubuntu/rastic_ws/install/me416_msgs/local/lib/python3.10/dist-packages/me416_msgs/_me416_msgs_s.ep.rosidl_typesupport_fastrtps_c.c
[83.873s] -- Symlinking: /home/ubuntu/rastic_ws/install/me416_msgs/local/lib/python3.10/dist-packages/me416_msgs/_me416_msgs_s.ep.rosidl_typesupport_introspection_c.c
[83.927s] -- Symlinking: /home/ubuntu/rastic_ws/install/me416_msgs/local/lib/python3.10/dist-packages/me416_msgs/libme416_msgs__rosidl_generator_py.so
[83.982s] -- Symlinking: /home/ubuntu/rastic_ws/install/me416_msgs/local/lib/python3.10/dist-packages/me416_msgs/me416_msgs_s__rosidl_typesupport_c.cpython-310-aarch64-linux-gnu.so
[84.037s] -- Symlinking: /home/ubuntu/rastic_ws/install/me416_msgs/local/lib/python3.10/dist-packages/me416_msgs/me416_msgs_s__rosidl_typesupport_fastrtps_c.cpython-310-aarch64-linux-gnu.so
[84.092s] -- Symlinking: /home/ubuntu/rastic_ws/install/me416_msgs/local/lib/python3.10/dist-packages/me416_msgs/me416_msgs_s__rosidl_typesupport_introspection_c.cpython-310-aarch64-linux-gnu.so
[84.147s] -- Symlinking: /home/ubuntu/rastic_ws/install/me416_msgs/local/lib/python3.10/dist-packages/me416_msgs/msg/__init__.py
[84.201s] -- Symlinking: /home/ubuntu/rastic_ws/install/me416_msgs/local/lib/python3.10/dist-packages/me416_msgs/msg/_motor_speeds.py
[84.258s] -- Symlinking: /home/ubuntu/rastic_ws/install/me416_msgs/local/lib/python3.10/dist-packages/me416_msgs/msg/_motor_speeds_s.c
[84.322s] -- Symlinking: /home/ubuntu/rastic_ws/install/me416_msgs/local/lib/python3.10/dist-packages/me416_msgs/msg/_motor_speeds_stamped.py
[84.397s] -- Symlinking: /home/ubuntu/rastic_ws/install/me416_msgs/local/lib/python3.10/dist-packages/me416_msgs/msg/_motor_speeds_stamped_s.c
[84.480s] -- Up-to-date symlink: /home/ubuntu/rastic_ws/install/me416_msgs/local/lib/python3.10/dist-packages/me416_msgs/me416_msgs_s__rosidl_typesupport_fastrtps_c.cpython-310-aarch64-linux-gnu.so
[84.488s] -- Up-to-date symlink: /home/ubuntu/rastic_ws/install/me416_msgs/local/lib/python3.10/dist-packages/me416_msgs/me416_msgs_s__rosidl_typesupport_introspection_c.cpython-310-aarch64-linux-gnu.so
[84.497s] -- Up-to-date symlink: /home/ubuntu/rastic_ws/install/me416_msgs/local/lib/python3.10/dist-packages/me416_msgs/me416_msgs_s__rosidl_typesupport_c.cpython-310-aarch64-linux-gnu.so
[84.504s] -- Symlinking: /home/ubuntu/rastic_ws/install/me416_msgs/share/me416_msgs/msg/MotorSpeeds.idl
[84.579s] -- Symlinking: /home/ubuntu/rastic_ws/install/me416_msgs/share/me416_msgs/msg/MotorSpeedsStamped.idl
[84.652s] -- Symlinking: /home/ubuntu/rastic_ws/install/me416_msgs/share/me416_msgs/msg/MotorSpeeds.msg
[84.724s] -- Symlinking: /home/ubuntu/rastic_ws/install/me416_msgs/share/me416_msgs/msg/MotorSpeedsStamped.msg
[84.797s] -- Symlinking: /home/ubuntu/rastic_ws/install/me416_msgs/share/ament_index/resource_index/package_run_dependencies/me416_msgs
[84.872s] -- Symlinking: /home/ubuntu/rastic_ws/install/me416_msgs/share/ament_index/resource_index/parent_prefix_path/me416_msgs
[84.944s] -- Symlinking: /home/ubuntu/rastic_ws/install/me416_msgs/share/me416_msgs/environment/ament_prefix_path.sh
[85.028s] -- Symlinking: /home/ubuntu/rastic_ws/install/me416_msgs/share/me416_msgs/environment/ament_prefix_path.dsv
[85.117s] -- Symlinking: /home/ubuntu/rastic_ws/install/me416_msgs/share/me416_msgs/environment/path.sh
[85.177s] -- Symlinking: /home/ubuntu/rastic_ws/install/me416_msgs/share/me416_msgs/environment/path.dsv
[85.231s] -- Symlinking: /home/ubuntu/rastic_ws/install/me416_msgs/share/me416_msgs/local_setup.bash
[85.283s] -- Symlinking: /home/ubuntu/rastic_ws/install/me416_msgs/share/me416_msgs/local_setup.sh
[85.336s] -- Symlinking: /home/ubuntu/rastic_ws/install/me416_msgs/share/me416_msgs/local_setup.zsh
[85.394s] -- Symlinking: /home/ubuntu/rastic_ws/install/me416_msgs/share/me416_msgs/local_setup.dsv
[85.461s] -- Symlinking: /home/ubuntu/rastic_ws/install/me416_msgs/share/me416_msgs/package.dsv
[85.526s] -- Symlinking: /home/ubuntu/rastic_ws/install/me416_msgs/share/ament_index/resource_index/packages/me416_msgs
[85.601s] -- Symlinking: /home/ubuntu/rastic_ws/install/me416_msgs/share/me416_msgs/cmake/rosidl_cmake-extras.cmake
[85.657s] -- Symlinking: /home/ubuntu/rastic_ws/install/me416_msgs/share/me416_msgs/cmake/ament_cmake_export_dependencies-extras.cmake
[85.712s] -- Symlinking: /home/ubuntu/rastic_ws/install/me416_msgs/share/me416_msgs/cmake/ament_cmake_export_include_directories-extras.cmake
[85.763s] -- Symlinking: /home/ubuntu/rastic_ws/install/me416_msgs/share/me416_msgs/cmake/ament_cmake_export_libraries-extras.cmake
[85.822s] -- Symlinking: /home/ubuntu/rastic_ws/install/me416_msgs/share/me416_msgs/cmake/ament_cmake_export_targets-extras.cmake
[85.884s] -- Symlinking: /home/ubuntu/rastic_ws/install/me416_msgs/share/me416_msgs/cmake/rosidl_cmake_export_typesupport_targets-extras.cmake
[85.947s] -- Symlinking: /home/ubuntu/rastic_ws/install/me416_msgs/share/me416_msgs/cmake/rosidl_cmake_export_typesupport_libraries-extras.cmake
[86.004s] -- Symlinking: /home/ubuntu/rastic_ws/install/me416_msgs/share/me416_msgs/cmake/me416_msgsConfig.cmake
[86.060s] -- Symlinking: /home/ubuntu/rastic_ws/install/me416_msgs/share/me416_msgs/cmake/me416_msgsConfig-version.cmake
[86.114s] -- Symlinking: /home/ubuntu/rastic_ws/install/me416_msgs/share/me416_msgs/package.xml
[86.170s] -- Installing: /home/ubuntu/rastic_ws/install/me416_msgs/lib/libme416_msgs__rosidl_generator_c.so
[86.179s] -- Set runtime path of "/home/ubuntu/rastic_ws/install/me416_msgs/lib/libme416_msgs__rosidl_generator_c.so" to ""
[86.180s] -- Installing: /home/ubuntu/rastic_ws/install/me416_msgs/lib/libme416_msgs__rosidl_typesupport_fastrtps_c.so
[86.185s] -- Set runtime path of "/home/ubuntu/rastic_ws/install/me416_msgs/lib/libme416_msgs__rosidl_typesupport_fastrtps_c.so" to ""
[86.186s] -- Installing: /home/ubuntu/rastic_ws/install/me416_msgs/lib/libme416_msgs__rosidl_typesupport_introspection_c.so
[86.191s] -- Set runtime path of "/home/ubuntu/rastic_ws/install/me416_msgs/lib/libme416_msgs__rosidl_typesupport_introspection_c.so" to ""
[86.192s] -- Installing: /home/ubuntu/rastic_ws/install/me416_msgs/lib/libme416_msgs__rosidl_typesupport_c.so
[86.196s] -- Set runtime path of "/home/ubuntu/rastic_ws/install/me416_msgs/lib/libme416_msgs__rosidl_typesupport_c.so" to ""
[86.198s] -- Installing: /home/ubuntu/rastic_ws/install/me416_msgs/lib/libme416_msgs__rosidl_typesupport_fastrtps_cpp.so
[86.200s] -- Set runtime path of "/home/ubuntu/rastic_ws/install/me416_msgs/lib/libme416_msgs__rosidl_typesupport_fastrtps_cpp.so" to ""
[86.203s] -- Installing: /home/ubuntu/rastic_ws/install/me416_msgs/lib/libme416_msgs__rosidl_typesupport_introspection_cpp.so
[86.204s] -- Set runtime path of "/home/ubuntu/rastic_ws/install/me416_msgs/lib/libme416_msgs__rosidl_typesupport_introspection_cpp.so" to ""
[86.206s] -- Installing: /home/ubuntu/rastic_ws/install/me416_msgs/lib/libme416_msgs__rosidl_typesupport_cpp.so
[86.208s] -- Set runtime path of "/home/ubuntu/rastic_ws/install/me416_msgs/lib/libme416_msgs__rosidl_typesupport_cpp.so" to ""
[86.489s] Listing '/home/ubuntu/rastic_ws/install/me416_msgs/local/lib/python3.10/dist-packages/me416_msgs'...
[86.491s] Compiling '/home/ubuntu/rastic_ws/install/me416_msgs/local/lib/python3.10/dist-packages/me416_msgs/__init__.py'...
[86.492s] Listing '/home/ubuntu/rastic_ws/install/me416_msgs/local/lib/python3.10/dist-packages/me416_msgs/msg'...
[86.493s] Compiling '/home/ubuntu/rastic_ws/install/me416_msgs/local/lib/python3.10/dist-packages/me416_msgs/msg/__init__.py'...
[86.495s] Compiling '/home/ubuntu/rastic_ws/install/me416_msgs/local/lib/python3.10/dist-packages/me416_msgs/msg/_motor_speeds.py'...
[86.496s] Compiling '/home/ubuntu/rastic_ws/install/me416_msgs/local/lib/python3.10/dist-packages/me416_msgs/msg/_motor_speeds_stamped.py'...
[86.548s] -- Installing: /home/ubuntu/rastic_ws/install/me416_msgs/lib/libme416_msgs__rosidl_generator_py.so
[86.555s] -- Set runtime path of "/home/ubuntu/rastic_ws/install/me416_msgs/lib/libme416_msgs__rosidl_generator_py.so" to ""
[86.559s] -- Installing: /home/ubuntu/rastic_ws/install/me416_msgs/share/me416_msgs/cmake/export_me416_msgs__rosidl_generator_cExport.cmake
[86.563s] -- Installing: /home/ubuntu/rastic_ws/install/me416_msgs/share/me416_msgs/cmake/export_me416_msgs__rosidl_generator_cExport-noconfig.cmake
[86.567s] -- Installing: /home/ubuntu/rastic_ws/install/me416_msgs/share/me416_msgs/cmake/export_me416_msgs__rosidl_typesupport_fastrtps_cExport.cmake
[86.570s] -- Installing: /home/ubuntu/rastic_ws/install/me416_msgs/share/me416_msgs/cmake/export_me416_msgs__rosidl_typesupport_fastrtps_cExport-noconfig.cmake
[86.572s] -- Installing: /home/ubuntu/rastic_ws/install/me416_msgs/share/me416_msgs/cmake/me416_msgs__rosidl_typesupport_introspection_cExport.cmake
[86.573s] -- Installing: /home/ubuntu/rastic_ws/install/me416_msgs/share/me416_msgs/cmake/me416_msgs__rosidl_typesupport_introspection_cExport-noconfig.cmake
[86.574s] -- Installing: /home/ubuntu/rastic_ws/install/me416_msgs/share/me416_msgs/cmake/me416_msgs__rosidl_typesupport_cExport.cmake
[86.576s] -- Installing: /home/ubuntu/rastic_ws/install/me416_msgs/share/me416_msgs/cmake/me416_msgs__rosidl_typesupport_cExport-noconfig.cmake
[86.578s] -- Installing: /home/ubuntu/rastic_ws/install/me416_msgs/share/me416_msgs/cmake/export_me416_msgs__rosidl_generator_cppExport.cmake
[86.580s] -- Installing: /home/ubuntu/rastic_ws/install/me416_msgs/share/me416_msgs/cmake/export_me416_msgs__rosidl_typesupport_fastrtps_cppExport.cmake
[86.585s] -- Installing: /home/ubuntu/rastic_ws/install/me416_msgs/share/me416_msgs/cmake/export_me416_msgs__rosidl_typesupport_fastrtps_cppExport-noconfig.cmake
[86.588s] -- Installing: /home/ubuntu/rastic_ws/install/me416_msgs/share/me416_msgs/cmake/me416_msgs__rosidl_typesupport_introspection_cppExport.cmake
[86.590s] -- Installing: /home/ubuntu/rastic_ws/install/me416_msgs/share/me416_msgs/cmake/me416_msgs__rosidl_typesupport_introspection_cppExport-noconfig.cmake
[86.594s] -- Installing: /home/ubuntu/rastic_ws/install/me416_msgs/share/me416_msgs/cmake/me416_msgs__rosidl_typesupport_cppExport.cmake
[86.598s] -- Installing: /home/ubuntu/rastic_ws/install/me416_msgs/share/me416_msgs/cmake/me416_msgs__rosidl_typesupport_cppExport-noconfig.cmake
[86.600s] -- Installing: /home/ubuntu/rastic_ws/install/me416_msgs/share/me416_msgs/cmake/export_me416_msgs__rosidl_generator_pyExport.cmake
[86.604s] -- Installing: /home/ubuntu/rastic_ws/install/me416_msgs/share/me416_msgs/cmake/export_me416_msgs__rosidl_generator_pyExport-noconfig.cmake
[86.605s] Invoked command in '/home/ubuntu/rastic_ws/build/me416_msgs' returned '0': CMAKE_PREFIX_PATH=/opt/ros/humble /usr/bin/cmake --install /home/ubuntu/rastic_ws/build/me416_msgs
